Traceback (most recent call last):
  File "/home/renato/.pyenv/versions/miniconda3-4.7.12/envs/main/lib/python3.9/site-packages/jupyter_cache/executors/utils.py", line 51, in single_nb_execution
    executenb(
  File "/home/renato/.pyenv/versions/miniconda3-4.7.12/envs/main/lib/python3.9/site-packages/nbclient/client.py", line 1204, in execute
    return NotebookClient(nb=nb, resources=resources, km=km, **kwargs).execute()
  File "/home/renato/.pyenv/versions/miniconda3-4.7.12/envs/main/lib/python3.9/site-packages/nbclient/util.py", line 84, in wrapped
    return just_run(coro(*args, **kwargs))
  File "/home/renato/.pyenv/versions/miniconda3-4.7.12/envs/main/lib/python3.9/site-packages/nbclient/util.py", line 62, in just_run
    return loop.run_until_complete(coro)
  File "/home/renato/.pyenv/versions/miniconda3-4.7.12/envs/main/lib/python3.9/asyncio/base_events.py", line 642, in run_until_complete
    return future.result()
  File "/home/renato/.pyenv/versions/miniconda3-4.7.12/envs/main/lib/python3.9/site-packages/nbclient/client.py", line 663, in async_execute
    await self.async_execute_cell(
  File "/home/renato/.pyenv/versions/miniconda3-4.7.12/envs/main/lib/python3.9/site-packages/nbclient/client.py", line 965, in async_execute_cell
    await self._check_raise_for_error(cell, cell_index, exec_reply)
  File "/home/renato/.pyenv/versions/miniconda3-4.7.12/envs/main/lib/python3.9/site-packages/nbclient/client.py", line 862, in _check_raise_for_error
    raise CellExecutionError.from_cell_and_msg(cell, exec_reply_content)
nbclient.exceptions.CellExecutionError: An error occurred while executing the following cell:
------------------
# Training settings 
n_features = 6 # number of feature maps

model_cnn = CNN(input_size, n_features, output_size)
model_cnn.to(device)
optimizer = optim.SGD(model_cnn.parameters(), lr=0.01, momentum=0.5)
print('Number of parameters: {}'.format(get_n_params(model_cnn)))

for epoch in range(0, 1):
    train(epoch, model_cnn, perm)
    test(model_cnn, perm)
------------------

[0;31m---------------------------------------------------------------------------[0m
[0;31mTypeError[0m                                 Traceback (most recent call last)
Input [0;32mIn [10][0m, in [0;36m<module>[0;34m[0m
[1;32m      1[0m [38;5;66;03m# Training settings [39;00m
[1;32m      2[0m n_features [38;5;241m=[39m [38;5;241m6[39m [38;5;66;03m# number of feature maps[39;00m
[0;32m----> 4[0m model_cnn [38;5;241m=[39m [43mCNN[49m[43m([49m[43minput_size[49m[43m,[49m[43m [49m[43mn_features[49m[43m,[49m[43m [49m[43moutput_size[49m[43m)[49m
[1;32m      5[0m model_cnn[38;5;241m.[39mto(device)
[1;32m      6[0m optimizer [38;5;241m=[39m optim[38;5;241m.[39mSGD(model_cnn[38;5;241m.[39mparameters(), lr[38;5;241m=[39m[38;5;241m0.01[39m, momentum[38;5;241m=[39m[38;5;241m0.5[39m)

[0;31mTypeError[0m: __init__() takes 2 positional arguments but 4 were given
TypeError: __init__() takes 2 positional arguments but 4 were given

